Performing C SOURCE FILE Test CMAKE_HAVE_LIBC_PTHREAD failed with the following output:
Change Dir: /mnt/c/SRCs/dlsyscourse/hw3/build/CMakeFiles/CMakeTmp

Run Build Command(s):/usr/bin/make -f Makefile cmTC_4ccdb/fast && make[1]: Entering directory '/mnt/c/SRCs/dlsyscourse/hw3/build/CMakeFiles/CMakeTmp'
/usr/bin/make  -f CMakeFiles/cmTC_4ccdb.dir/build.make CMakeFiles/cmTC_4ccdb.dir/build
make[2]: Entering directory '/mnt/c/SRCs/dlsyscourse/hw3/build/CMakeFiles/CMakeTmp'
Building C object CMakeFiles/cmTC_4ccdb.dir/src.c.o
/usr/bin/cc -DCMAKE_HAVE_LIBC_PTHREAD  -fPIC  -o CMakeFiles/cmTC_4ccdb.dir/src.c.o -c /mnt/c/SRCs/dlsyscourse/hw3/build/CMakeFiles/CMakeTmp/src.c
Linking C executable cmTC_4ccdb
/usr/bin/cmake -E cmake_link_script CMakeFiles/cmTC_4ccdb.dir/link.txt --verbose=1
/usr/bin/cc -fPIC  -rdynamic CMakeFiles/cmTC_4ccdb.dir/src.c.o -o cmTC_4ccdb 
/bin/ld: CMakeFiles/cmTC_4ccdb.dir/src.c.o: in function `main':
src.c:(.text+0x46): undefined reference to `pthread_create'
/bin/ld: src.c:(.text+0x52): undefined reference to `pthread_detach'
/bin/ld: src.c:(.text+0x5e): undefined reference to `pthread_cancel'
/bin/ld: src.c:(.text+0x6f): undefined reference to `pthread_join'
collect2: error: ld returned 1 exit status
make[2]: *** [CMakeFiles/cmTC_4ccdb.dir/build.make:99: cmTC_4ccdb] Error 1
make[2]: Leaving directory '/mnt/c/SRCs/dlsyscourse/hw3/build/CMakeFiles/CMakeTmp'
make[1]: *** [Makefile:127: cmTC_4ccdb/fast] Error 2
make[1]: Leaving directory '/mnt/c/SRCs/dlsyscourse/hw3/build/CMakeFiles/CMakeTmp'


Source file was:
#include <pthread.h>

static void* test_func(void* data)
{
  return data;
}

int main(void)
{
  pthread_t thread;
  pthread_create(&thread, NULL, test_func, NULL);
  pthread_detach(thread);
  pthread_cancel(thread);
  pthread_join(thread, NULL);
  pthread_atfork(NULL, NULL, NULL);
  pthread_exit(NULL);

  return 0;
}

Determining if the function pthread_create exists in the pthreads failed with the following output:
Change Dir: /mnt/c/SRCs/dlsyscourse/hw3/build/CMakeFiles/CMakeTmp

Run Build Command(s):/usr/bin/make -f Makefile cmTC_778e1/fast && make[1]: Entering directory '/mnt/c/SRCs/dlsyscourse/hw3/build/CMakeFiles/CMakeTmp'
/usr/bin/make  -f CMakeFiles/cmTC_778e1.dir/build.make CMakeFiles/cmTC_778e1.dir/build
make[2]: Entering directory '/mnt/c/SRCs/dlsyscourse/hw3/build/CMakeFiles/CMakeTmp'
Building C object CMakeFiles/cmTC_778e1.dir/CheckFunctionExists.c.o
/usr/bin/cc   -fPIC -DCHECK_FUNCTION_EXISTS=pthread_create -o CMakeFiles/cmTC_778e1.dir/CheckFunctionExists.c.o -c /usr/share/cmake-3.24/Modules/CheckFunctionExists.c
Linking C executable cmTC_778e1
/usr/bin/cmake -E cmake_link_script CMakeFiles/cmTC_778e1.dir/link.txt --verbose=1
/usr/bin/cc -fPIC -DCHECK_FUNCTION_EXISTS=pthread_create -rdynamic CMakeFiles/cmTC_778e1.dir/CheckFunctionExists.c.o -o cmTC_778e1  -lpthreads 
/bin/ld: cannot find -lpthreads
collect2: error: ld returned 1 exit status
make[2]: *** [CMakeFiles/cmTC_778e1.dir/build.make:99: cmTC_778e1] Error 1
make[2]: Leaving directory '/mnt/c/SRCs/dlsyscourse/hw3/build/CMakeFiles/CMakeTmp'
make[1]: *** [Makefile:127: cmTC_778e1/fast] Error 2
make[1]: Leaving directory '/mnt/c/SRCs/dlsyscourse/hw3/build/CMakeFiles/CMakeTmp'



